14:59:04,551 INFO    : kernel command line: ks=file:/centos-6.ks inst.cmdline console=ttyS0

14:59:04,551 DEBUG   : readNetInfo /tmp/s390net not found, early return
14:59:04,551 INFO    : anaconda version 13.21.263 on x86_64 starting
14:59:04,551 INFO    : text mode forced due to serial/virtpconsole
14:59:04,710 DEBUG   : Saving module ipv6
14:59:04,710 DEBUG   : Saving module iscsi_ibft
14:59:04,710 DEBUG   : Saving module iscsi_boot_sysfs
14:59:04,710 DEBUG   : Saving module pcspkr
14:59:04,710 DEBUG   : Saving module edd
14:59:04,710 DEBUG   : Saving module floppy
14:59:04,710 DEBUG   : Saving module iscsi_tcp
14:59:04,710 DEBUG   : Saving module libiscsi_tcp
14:59:04,710 DEBUG   : Saving module libiscsi
14:59:04,710 DEBUG   : Saving module scsi_transport_iscsi
14:59:04,710 DEBUG   : Saving module squashfs
14:59:04,710 DEBUG   : Saving module cramfs
14:59:04,710 DEBUG   : probing buses
14:59:04,734 DEBUG   : waiting for hardware to initialize
14:59:07,366 DEBUG   : probing buses
14:59:07,406 DEBUG   : waiting for hardware to initialize
14:59:10,536 INFO    : getting kickstart file
14:59:10,536 DEBUG   : marking first kickstart network command
14:59:10,536 INFO    : setting up kickstart
14:59:10,536 INFO    : kickstartFromUrl
14:59:10,537 INFO    : results of url ks, url http://mirrors.kernel.org/centos/6/os/x86_64/
14:59:10,537 INFO    : kickstart network command - device eth0
14:59:10,537 INFO    : activating first device from kickstart because network is needed
14:59:10,537 INFO    : eth0 has link, using it
14:59:10,547 INFO    : doing kickstart... setting it up
14:59:10,547 DEBUG   : activating device eth0
14:59:15,585 INFO    : wait_for_iface_activation (2617): device eth0 activated
14:59:15,608 ERROR   : got to setupCdrom without a CD device
14:59:15,608 INFO    : no stage2= given, assuming http://mirrors.kernel.org/centos/6/os/x86_64//images/install.img
14:59:15,608 DEBUG   : going to set language to en_US.UTF-8
14:59:15,608 INFO    : setting language to en_US.UTF-8
14:59:15,611 INFO    : starting STEP_METHOD
14:59:15,611 DEBUG   : loaderData->method is set, adding skipMethodDialog
14:59:15,611 DEBUG   : skipMethodDialog is set
14:59:15,618 INFO    : starting STEP_STAGE2
14:59:15,618 INFO    : URL_STAGE_MAIN: url is http://mirrors.kernel.org/centos/6/os/x86_64//images/install.img
14:59:15,618 INFO    : transferring http://mirrors.kernel.org/centos/6/os/x86_64//images/updates.img
14:59:15,866 ERROR   : Error downloading http://mirrors.kernel.org/centos/6/os/x86_64//images/updates.img: HTTP response code said error
14:59:15,886 INFO    : transferring http://mirrors.kernel.org/centos/6/os/x86_64//images/product.img
14:59:16,073 ERROR   : Error downloading http://mirrors.kernel.org/centos/6/os/x86_64//images/product.img: HTTP response code said error
14:59:16,075 INFO    : transferring http://mirrors.kernel.org/centos/6/os/x86_64//images/install.img
14:59:44,147 INFO    : mounted loopback device /mnt/runtime on /dev/loop0 as /tmp/install.img
14:59:44,147 INFO    : got stage2 at url http://mirrors.kernel.org/centos/6/os/x86_64//images/install.img
14:59:44,184 INFO    : Loading SELinux policy
14:59:44,609 INFO    : getting ready to spawn shell now
14:59:44,609 INFO    : not spawning a shell
14:59:44,917 INFO    : Running anaconda script /usr/bin/anaconda
14:59:46,232 INFO    : CentOS Linux is the highest priority installclass, using it
14:59:46,277 INFO    : ISCSID is /usr/sbin/iscsid
14:59:46,277 INFO    : no initiator set
14:59:46,408 WARNING : '/usr/libexec/fcoe/fcoe_edd.sh' specified as full path
14:59:46,414 INFO    : No FCoE EDD info found: No FCoE boot disk information is found in EDD!

14:59:46,414 INFO    : no /etc/zfcp.conf; not configuring zfcp
14:59:46,457 INFO    : created new libuser.conf at /tmp/libuser.jtf5Ne with instPath="/mnt/sysimage"
14:59:46,457 INFO    : anaconda called with cmdline = ['/usr/bin/anaconda', '--stage2', 'http://mirrors.kernel.org/centos/6/os/x86_64//images/install.img', '--kickstart', '/centos-6.ks', '--serial', '-T', '--selinux', '--lang', 'en_US.UTF-8', '--keymap', 'us', '--repo', 'http://mirrors.kernel.org/centos/6/os/x86_64/']
14:59:46,457 INFO    : Display mode = t
14:59:46,457 INFO    : Default encoding = utf-8 
14:59:46,507 INFO    : Detected 1008M of memory
14:59:46,507 INFO    : Swap attempt of 2016M
14:59:46,730 INFO    : ISCSID is /usr/sbin/iscsid
14:59:46,781 INFO    : no initiator set
14:59:47,066 WARNING : step installtype does not exist
14:59:47,066 WARNING : step confirminstall does not exist
14:59:47,066 WARNING : step complete does not exist
14:59:47,066 WARNING : step complete does not exist
14:59:47,067 WARNING : step complete does not exist
14:59:47,067 WARNING : step complete does not exist
14:59:47,067 WARNING : step complete does not exist
14:59:47,067 WARNING : step complete does not exist
14:59:47,067 INFO    : moving (1) to step setuptime
14:59:47,067 DEBUG   : setuptime is a direct step
14:59:47,068 WARNING : '/usr/sbin/hwclock' specified as full path
14:59:48,002 INFO    : leaving (1) step setuptime
14:59:48,002 INFO    : moving (1) to step autopartitionexecute
14:59:48,002 DEBUG   : autopartitionexecute is a direct step
14:59:48,023 INFO    : leaving (1) step autopartitionexecute
14:59:48,023 INFO    : moving (1) to step storagedone
14:59:48,023 DEBUG   : storagedone is a direct step
14:59:48,024 INFO    : leaving (1) step storagedone
14:59:48,024 INFO    : moving (1) to step enablefilesystems
14:59:48,024 DEBUG   : enablefilesystems is a direct step
14:59:49,963 DEBUG   : notifying kernel of 'change' event on device /sys/class/block/sda1
14:59:50,099 INFO    : failed to set SELinux context for /mnt/sysimage: [Errno 95] Operation not supported
14:59:50,099 DEBUG   : isys.py:mount()- going to mount /dev/sda1 on /mnt/sysimage as ext4 with options defaults
14:59:50,108 DEBUG   : isys.py:mount()- going to mount //dev on /mnt/sysimage/dev as bind with options defaults,bind
14:59:50,114 DEBUG   : isys.py:mount()- going to mount devpts on /mnt/sysimage/dev/pts as devpts with options gid=5,mode=620
14:59:50,118 DEBUG   : isys.py:mount()- going to mount tmpfs on /mnt/sysimage/dev/shm as tmpfs with options defaults
14:59:50,122 INFO    : failed to get default SELinux context for /proc: [Errno 2] No such file or directory
14:59:50,123 DEBUG   : isys.py:mount()- going to mount proc on /mnt/sysimage/proc as proc with options defaults
14:59:50,125 INFO    : failed to get default SELinux context for /proc: [Errno 2] No such file or directory
14:59:50,127 DEBUG   : isys.py:mount()- going to mount sysfs on /mnt/sysimage/sys as sysfs with options defaults
14:59:50,132 INFO    : leaving (1) step enablefilesystems
14:59:50,132 INFO    : moving (1) to step reposetup
14:59:50,132 DEBUG   : reposetup is a direct step
14:59:50,531 INFO    : added repository CentOS with URL http://mirror.centos.org/centos/6.9/os/x86_64/
14:59:50,558 DEBUG   : Grabbing  http://mirror.centos.org/centos/6.9/os/x86_64/repodata/repomd.xml
14:59:50,564 DEBUG   : Grabbing  http://mirror.centos.org/centos/6.9/os/x86_64/repodata/5d14ebd60604f4433dcc8a3a17cd3bbc7b80ec5dff74cbcc50dab6e711959265-primary.sqlite.bz2
14:59:51,266 DEBUG   : Grabbing  http://mirror.centos.org/centos/6.9/os/x86_64/repodata/43d8fd068164b0f042845474d6a22262798b9f0d1f49ad1bf9f95b953089777d-c6-x86_64-comps.xml
14:59:59,125 INFO    : leaving (1) step reposetup
14:59:59,125 INFO    : moving (1) to step basepkgsel
14:59:59,125 DEBUG   : basepkgsel is a direct step
14:59:59,432 WARNING : skipping core group due to %%packages --nocore; system may not be complete
14:59:59,432 WARNING : not adding Base group
15:00:00,046 INFO    : leaving (1) step basepkgsel
15:00:00,046 INFO    : moving (1) to step postselection
15:00:00,046 DEBUG   : postselection is a direct step
15:00:00,064 INFO    : selected kernel package for kernel
15:00:00,482 DEBUG   : Checking for DUD module /lib/modules/2.6.32-696.el6.x86_64/kernel/fs/ext4/ext4.ko.gz
15:00:00,482 DEBUG   : Checking for DUD module /lib/modules/2.6.32-696.el6.x86_64/kernel/fs/jbd2/jbd2.ko.gz
15:00:00,482 DEBUG   : Checking for DUD module /lib/modules/2.6.32-696.el6.x86_64/kernel/fs/mbcache.ko.gz
15:00:00,482 DEBUG   : Checking for DUD module /lib/modules/2.6.32-696.el6.x86_64/kernel/drivers/scsi/fcoe/fcoe.ko.gz
15:00:00,482 DEBUG   : Checking for DUD module /lib/modules/2.6.32-696.el6.x86_64/kernel/drivers/scsi/fcoe/libfcoe.ko.gz
15:00:00,482 DEBUG   : Checking for DUD module /lib/modules/2.6.32-696.el6.x86_64/kernel/drivers/scsi/libfc/libfc.ko.gz
15:00:00,482 DEBUG   : Checking for DUD module /lib/modules/2.6.32-696.el6.x86_64/kernel/drivers/scsi/scsi_transport_fc.ko.gz
15:00:00,482 DEBUG   : Checking for DUD module /lib/modules/2.6.32-696.el6.x86_64/kernel/drivers/scsi/scsi_tgt.ko.gz
15:00:00,482 DEBUG   : Checking for DUD module /lib/modules/2.6.32-696.el6.x86_64/kernel/crypto/xts.ko.gz
15:00:00,482 DEBUG   : Checking for DUD module /lib/modules/2.6.32-696.el6.x86_64/kernel/crypto/lrw.ko.gz
15:00:00,482 DEBUG   : Checking for DUD module /lib/modules/2.6.32-696.el6.x86_64/kernel/crypto/gf128mul.ko.gz
15:00:00,482 DEBUG   : Checking for DUD module /lib/modules/2.6.32-696.el6.x86_64/kernel/crypto/cbc.ko.gz
15:00:00,482 DEBUG   : Checking for DUD module /lib/modules/2.6.32-696.el6.x86_64/kernel/drivers/md/dm-raid.ko.gz
15:00:00,482 DEBUG   : Checking for DUD module /lib/modules/2.6.32-696.el6.x86_64/kernel/drivers/md/dm-crypt.ko.gz
15:00:00,482 DEBUG   : Checking for DUD module /lib/modules/2.6.32-696.el6.x86_64/kernel/drivers/md/dm-round-robin.ko.gz
15:00:00,482 DEBUG   : Checking for DUD module /lib/modules/2.6.32-696.el6.x86_64/kernel/drivers/md/dm-multipath.ko.gz
15:00:00,482 DEBUG   : Checking for DUD module /lib/modules/2.6.32-696.el6.x86_64/kernel/drivers/md/dm-thin-pool.ko.gz
15:00:00,483 DEBUG   : Checking for DUD module /lib/modules/2.6.32-696.el6.x86_64/kernel/drivers/md/dm-bio-prison.ko.gz
15:00:00,483 DEBUG   : Checking for DUD module /lib/modules/2.6.32-696.el6.x86_64/kernel/drivers/md/persistent-data/dm-persistent-data.ko.gz
15:00:00,483 DEBUG   : Checking for DUD module /lib/modules/2.6.32-696.el6.x86_64/kernel/lib/libcrc32c.ko.gz
15:00:00,483 DEBUG   : Checking for DUD module /lib/modules/2.6.32-696.el6.x86_64/kernel/drivers/md/dm-snapshot.ko.gz
15:00:00,483 DEBUG   : Checking for DUD module /lib/modules/2.6.32-696.el6.x86_64/kernel/drivers/md/dm-bufio.ko.gz
15:00:00,483 DEBUG   : Checking for DUD module /lib/modules/2.6.32-696.el6.x86_64/kernel/drivers/md/dm-mirror.ko.gz
15:00:00,483 DEBUG   : Checking for DUD module /lib/modules/2.6.32-696.el6.x86_64/kernel/drivers/md/dm-region-hash.ko.gz
15:00:00,483 DEBUG   : Checking for DUD module /lib/modules/2.6.32-696.el6.x86_64/kernel/drivers/md/dm-log.ko.gz
15:00:00,483 DEBUG   : Checking for DUD module /lib/modules/2.6.32-696.el6.x86_64/kernel/drivers/md/dm-zero.ko.gz
15:00:00,483 DEBUG   : Checking for DUD module /lib/modules/2.6.32-696.el6.x86_64/kernel/drivers/md/dm-mod.ko.gz
15:00:00,483 DEBUG   : Checking for DUD module /lib/modules/2.6.32-696.el6.x86_64/kernel/drivers/md/linear.ko.gz
15:00:00,483 DEBUG   : Checking for DUD module /lib/modules/2.6.32-696.el6.x86_64/kernel/drivers/md/raid10.ko.gz
15:00:00,483 DEBUG   : Checking for DUD module /lib/modules/2.6.32-696.el6.x86_64/kernel/drivers/md/raid456.ko.gz
15:00:00,483 DEBUG   : Checking for DUD module /lib/modules/2.6.32-696.el6.x86_64/kernel/crypto/async_tx/async_raid6_recov.ko.gz
15:00:00,483 DEBUG   : Checking for DUD module /lib/modules/2.6.32-696.el6.x86_64/kernel/crypto/async_tx/async_pq.ko.gz
15:00:00,483 DEBUG   : Checking for DUD module /lib/modules/2.6.32-696.el6.x86_64/kernel/lib/raid6/raid6_pq.ko.gz
15:00:00,483 DEBUG   : Checking for DUD module /lib/modules/2.6.32-696.el6.x86_64/kernel/crypto/async_tx/async_xor.ko.gz
15:00:00,483 DEBUG   : Checking for DUD module /lib/modules/2.6.32-696.el6.x86_64/kernel/crypto/xor.ko.gz
15:00:00,483 DEBUG   : Checking for DUD module /lib/modules/2.6.32-696.el6.x86_64/kernel/crypto/async_tx/async_memcpy.ko.gz
15:00:00,484 DEBUG   : Checking for DUD module /lib/modules/2.6.32-696.el6.x86_64/kernel/crypto/async_tx/async_tx.ko.gz
15:00:00,484 DEBUG   : Checking for DUD module /lib/modules/2.6.32-696.el6.x86_64/kernel/drivers/md/raid1.ko.gz
15:00:00,484 DEBUG   : Checking for DUD module /lib/modules/2.6.32-696.el6.x86_64/kernel/drivers/md/raid0.ko.gz
15:00:00,484 DEBUG   : Checking for DUD module /lib/modules/2.6.32-696.el6.x86_64/kernel/net/8021q/8021q.ko.gz
15:00:00,484 DEBUG   : Checking for DUD module /lib/modules/2.6.32-696.el6.x86_64/kernel/net/802/garp.ko.gz
15:00:00,484 DEBUG   : Checking for DUD module /lib/modules/2.6.32-696.el6.x86_64/kernel/net/802/stp.ko.gz
15:00:00,484 DEBUG   : Checking for DUD module /lib/modules/2.6.32-696.el6.x86_64/kernel/net/llc/llc.ko.gz
15:00:00,484 DEBUG   : Checking for DUD module /lib/modules/2.6.32-696.el6.x86_64/kernel/drivers/infiniband/hw/mlx4/mlx4_ib.ko.gz
15:00:00,484 DEBUG   : Checking for DUD module /lib/modules/2.6.32-696.el6.x86_64/kernel/drivers/net/mlx4/mlx4_en.ko.gz
15:00:00,484 DEBUG   : Checking for DUD module /lib/modules/2.6.32-696.el6.x86_64/kernel/drivers/ptp/ptp.ko.gz
15:00:00,484 DEBUG   : Checking for DUD module /lib/modules/2.6.32-696.el6.x86_64/kernel/drivers/pps/pps_core.ko.gz
15:00:00,484 DEBUG   : Checking for DUD module /lib/modules/2.6.32-696.el6.x86_64/kernel/drivers/net/mlx4/mlx4_core.ko.gz
15:00:00,484 DEBUG   : Checking for DUD module /lib/modules/2.6.32-696.el6.x86_64/kernel/drivers/infiniband/ulp/ipoib/ib_ipoib.ko.gz
15:00:00,484 DEBUG   : Checking for DUD module /lib/modules/2.6.32-696.el6.x86_64/kernel/drivers/infiniband/core/ib_cm.ko.gz
15:00:00,484 DEBUG   : Checking for DUD module /lib/modules/2.6.32-696.el6.x86_64/kernel/drivers/infiniband/core/ib_sa.ko.gz
15:00:00,484 DEBUG   : Checking for DUD module /lib/modules/2.6.32-696.el6.x86_64/kernel/drivers/infiniband/core/ib_mad.ko.gz
15:00:00,484 DEBUG   : Checking for DUD module /lib/modules/2.6.32-696.el6.x86_64/kernel/drivers/infiniband/core/ib_core.ko.gz
15:00:00,484 DEBUG   : Checking for DUD module /lib/modules/2.6.32-696.el6.x86_64/kernel/drivers/infiniband/core/ib_addr.ko.gz
15:00:00,484 DEBUG   : Checking for DUD module /lib/modules/2.6.32-696.el6.x86_64/kernel/drivers/scsi/sg.ko.gz
15:00:00,484 DEBUG   : Checking for DUD module /lib/modules/2.6.32-696.el6.x86_64/kernel/drivers/scsi/sd_mod.ko.gz
15:00:00,485 DEBUG   : Checking for DUD module /lib/modules/2.6.32-696.el6.x86_64/kernel/lib/crc-t10dif.ko.gz
15:00:00,485 DEBUG   : Checking for DUD module /lib/modules/2.6.32-696.el6.x86_64/kernel/drivers/ata/pata_acpi.ko.gz
15:00:00,485 DEBUG   : Checking for DUD module /lib/modules/2.6.32-696.el6.x86_64/kernel/drivers/ata/ata_generic.ko.gz
15:00:00,485 DEBUG   : Checking for DUD module /lib/modules/2.6.32-696.el6.x86_64/kernel/drivers/ata/ata_piix.ko.gz
15:00:00,485 DEBUG   : Checking for DUD module /lib/modules/2.6.32-696.el6.x86_64/kernel/drivers/net/8139too.ko.gz
15:00:00,485 DEBUG   : Checking for DUD module /lib/modules/2.6.32-696.el6.x86_64/kernel/drivers/net/8139cp.ko.gz
15:00:00,485 DEBUG   : Checking for DUD module /lib/modules/2.6.32-696.el6.x86_64/kernel/drivers/net/mii.ko.gz
15:00:00,485 DEBUG   : Checking for DUD module /lib/modules/2.6.32-696.el6.x86_64/kernel/drivers/virtio/virtio_pci.ko.gz
15:00:00,485 DEBUG   : Checking for DUD module /lib/modules/2.6.32-696.el6.x86_64/kernel/drivers/virtio/virtio_ring.ko.gz
15:00:00,485 DEBUG   : Checking for DUD module /lib/modules/2.6.32-696.el6.x86_64/kernel/drivers/virtio/virtio.ko.gz
15:00:00,485 DEBUG   : Checking for DUD module /lib/modules/2.6.32-696.el6.x86_64/kernel/net/ipv6/ipv6.ko.gz
15:00:00,485 DEBUG   : Checking for DUD module /lib/modules/2.6.32-696.el6.x86_64/kernel/drivers/firmware/iscsi_ibft.ko.gz
15:00:00,485 DEBUG   : Checking for DUD module /lib/modules/2.6.32-696.el6.x86_64/kernel/drivers/scsi/iscsi_boot_sysfs.ko.gz
15:00:00,485 DEBUG   : Checking for DUD module /lib/modules/2.6.32-696.el6.x86_64/kernel/drivers/input/misc/pcspkr.ko.gz
15:00:00,485 DEBUG   : Checking for DUD module /lib/modules/2.6.32-696.el6.x86_64/kernel/drivers/firmware/edd.ko.gz
15:00:00,485 DEBUG   : Checking for DUD module /lib/modules/2.6.32-696.el6.x86_64/kernel/drivers/block/floppy.ko.gz
15:00:00,485 DEBUG   : Checking for DUD module /lib/modules/2.6.32-696.el6.x86_64/kernel/drivers/scsi/iscsi_tcp.ko.gz
15:00:00,485 DEBUG   : Checking for DUD module /lib/modules/2.6.32-696.el6.x86_64/kernel/drivers/scsi/libiscsi_tcp.ko.gz
15:00:00,485 DEBUG   : Checking for DUD module /lib/modules/2.6.32-696.el6.x86_64/kernel/drivers/scsi/libiscsi.ko.gz
15:00:00,485 DEBUG   : Checking for DUD module /lib/modules/2.6.32-696.el6.x86_64/kernel/drivers/scsi/scsi_transport_iscsi.ko.gz
15:00:00,486 DEBUG   : Checking for DUD module /lib/modules/2.6.32-696.el6.x86_64/kernel/fs/squashfs/squashfs.ko.gz
15:00:00,486 DEBUG   : Checking for DUD module /lib/modules/2.6.32-696.el6.x86_64/kernel/fs/cramfs/cramfs.ko.gz
15:00:02,905 INFO    : leaving (1) step postselection
15:00:02,906 INFO    : moving (1) to step install
15:00:02,919 INFO    : leaving (1) step install
15:00:02,919 INFO    : moving (1) to step preinstallconfig
15:00:02,919 DEBUG   : preinstallconfig is a direct step
15:00:02,921 DEBUG   : isys.py:mount()- going to mount /selinux on /mnt/sysimage/selinux as selinuxfs with options defaults
15:00:02,927 DEBUG   : isys.py:mount()- going to mount /proc/bus/usb on /mnt/sysimage/proc/bus/usb as usbfs with options defaults
15:00:02,934 INFO    : copy_to_sysimage: source '/etc/multipath/wwids' does not exist.
15:00:02,934 INFO    : copy_to_sysimage: source '/etc/multipath/bindings' does not exist.
15:00:02,937 INFO    : copy_to_sysimage: source '/etc/multipath/wwids' does not exist.
15:00:02,937 INFO    : copy_to_sysimage: source '/etc/multipath/bindings' does not exist.
15:00:02,942 INFO    : leaving (1) step preinstallconfig
15:00:02,942 INFO    : moving (1) to step installpackages
15:00:02,942 DEBUG   : installpackages is a direct step
15:00:02,942 INFO    : Preparing to install packages
15:01:12,309 INFO    : leaving (1) step installpackages
15:01:12,316 INFO    : moving (1) to step postinstallconfig
15:01:12,330 DEBUG   : postinstallconfig is a direct step
15:01:12,382 DEBUG   : Removing headers and packages from /mnt/sysimage/var/cache/yum/CentOS
15:01:12,382 DEBUG   : Removing cachedir: /mnt/sysimage/var/cache/yum/anaconda-CentOS-201703281317.x86_64
15:01:12,386 INFO    : leaving (1) step postinstallconfig
15:01:12,386 INFO    : moving (1) to step writeconfig
15:01:12,387 DEBUG   : writeconfig is a direct step
15:01:12,387 INFO    : Writing main configuration
15:01:12,400 WARNING : '/usr/sbin/authconfig' specified as full path
15:01:12,411 ERROR   : Error running /usr/sbin/authconfig: No such file or directory
15:01:12,411 ERROR   : Error running ['--update', '--nostart', '--enableshadow', '--passalgo=sha512']: Error running /usr/sbin/authconfig: No such file or directory
15:01:12,413 WARNING : '/usr/sbin/lokkit' specified as full path
15:01:12,420 ERROR   : Error running /usr/sbin/lokkit: No such file or directory
15:01:12,420 ERROR   : lokkit run failed: Error running /usr/sbin/lokkit: No such file or directory
15:01:12,420 WARNING : '/usr/sbin/lokkit' specified as full path
15:01:12,427 ERROR   : Error running /usr/sbin/lokkit: No such file or directory
15:01:12,427 ERROR   : lokkit run failed: Error running /usr/sbin/lokkit: No such file or directory
15:01:12,470 INFO    : removing libuser.conf at /tmp/libuser.jtf5Ne
15:01:12,470 INFO    : created new libuser.conf at /tmp/libuser.jtf5Ne with instPath="/mnt/sysimage"
15:01:12,545 INFO    : leaving (1) step writeconfig
15:01:12,545 INFO    : moving (1) to step firstboot
15:01:12,546 DEBUG   : firstboot is a direct step
15:01:12,546 INFO    : leaving (1) step firstboot
15:01:12,546 INFO    : moving (1) to step reipl
15:01:12,546 DEBUG   : reipl is a direct step
15:01:12,546 INFO    : leaving (1) step reipl
15:01:12,546 INFO    : moving (1) to step writeksconfig
15:01:12,546 DEBUG   : writeksconfig is a direct step
15:01:12,546 INFO    : Writing autokickstart file
15:01:12,548 INFO    : leaving (1) step writeksconfig
15:01:12,548 INFO    : moving (1) to step setfilecon
15:01:12,548 DEBUG   : setfilecon is a direct step
15:01:12,548 INFO    : setting SELinux contexts for anaconda created files
15:01:14,352 INFO    : leaving (1) step setfilecon
15:01:14,352 INFO    : moving (1) to step copylogs
15:01:14,352 DEBUG   : copylogs is a direct step
15:01:14,352 INFO    : Copying anaconda logs
