221026 19:59:43 mysqld_safe Starting mysqld daemon with databases from /var/lib/mysql
221026 19:59:43  InnoDB: Initializing buffer pool, size = 8.0M
221026 19:59:43  InnoDB: Completed initialization of buffer pool
InnoDB: The first specified data file ./ibdata1 did not exist:
InnoDB: a new database to be created!
221026 19:59:43  InnoDB: Setting file ./ibdata1 size to 10 MB
InnoDB: Database physically writes the file full: wait...
221026 19:59:43  InnoDB: Log file ./ib_logfile0 did not exist: new to be created
InnoDB: Setting log file ./ib_logfile0 size to 5 MB
InnoDB: Database physically writes the file full: wait...
221026 19:59:43  InnoDB: Log file ./ib_logfile1 did not exist: new to be created
InnoDB: Setting log file ./ib_logfile1 size to 5 MB
InnoDB: Database physically writes the file full: wait...
InnoDB: Doublewrite buffer not found: creating new
InnoDB: Doublewrite buffer created
InnoDB: Creating foreign key constraint system tables
InnoDB: Foreign key constraint system tables created
221026 19:59:43  InnoDB: Started; log sequence number 0 0
221026 19:59:43 [Note] Event Scheduler: Loaded 0 events
221026 19:59:43 [Note] /usr/libexec/mysqld: ready for connections.
Version: '5.1.73'  socket: '/var/lib/mysql/mysql.sock'  port: 3306  Source distribution
