Apr 06 15:01:17 Erased: grub
Apr 06 15:01:17 Erased: dracut-kernel
Apr 06 15:01:17 Erased: dracut
Apr 06 15:01:17 Erased: kbd
Apr 06 15:01:17 Erased: iproute
Apr 06 15:01:17 Erased: iptables
Apr 06 15:01:17 Erased: policycoreutils
Apr 06 15:01:17 Erased: util-linux-ng
Apr 06 15:01:17 Erased: libdrm
Apr 06 15:01:17 Erased: iputils
Apr 06 15:01:17 Erased: udev
Apr 06 15:01:18 Erased: plymouth
Apr 06 15:01:18 Erased: initscripts
Apr 06 15:01:18 Erased: libpciaccess
Apr 06 15:01:18 Erased: hwdata
Apr 06 15:01:18 Erased: redhat-logos
Apr 06 15:01:18 Erased: grubby
Apr 06 15:01:19 Erased: kbd-misc
Apr 06 15:01:19 Erased: kernel-firmware
Apr 06 15:01:19 Erased: e2fsprogs
Apr 06 15:01:19 Erased: e2fsprogs-libs
Apr 06 15:01:19 Erased: dbus-glib
Apr 06 15:01:19 Erased: sysvinit-tools
Apr 18 15:42:58 Updated: libgcc-4.4.7-23.el6.x86_64
Apr 18 15:42:58 Updated: tzdata-2019c-1.el6.noarch
Apr 18 15:42:58 Updated: nss-softokn-freebl-3.44.0-6.el6_10.x86_64
Apr 18 15:43:04 Updated: glibc-common-2.12-1.212.el6_10.3.x86_64
Apr 18 15:43:04 Updated: glibc-2.12-1.212.el6_10.3.x86_64
Apr 18 15:43:04 Updated: nspr-4.21.0-1.el6_10.x86_64
Apr 18 15:43:04 Updated: nss-util-3.44.0-1.el6_10.x86_64
Apr 18 15:43:04 Updated: libacl-2.2.49-7.el6_9.1.x86_64
Apr 18 15:43:04 Updated: libcom_err-1.41.12-24.el6.x86_64
Apr 18 15:43:05 Updated: nss-softokn-3.44.0-6.el6_10.x86_64
Apr 18 15:43:05 Updated: 1:dbus-libs-1.2.24-11.el6_10.x86_64
Apr 18 15:43:05 Updated: libnih-1.0.1-8.el6.x86_64
Apr 18 15:43:05 Updated: libstdc++-4.4.7-23.el6.x86_64
Apr 18 15:43:05 Updated: gmp-4.3.1-13.el6.x86_64
Apr 18 15:43:05 Updated: coreutils-libs-8.4-47.el6.x86_64
Apr 18 15:43:05 Updated: coreutils-8.4-47.el6.x86_64
Apr 18 15:43:06 Updated: ca-certificates-2019.2.32-65.1.el6_10.noarch
Apr 18 15:43:06 Updated: openssl-1.0.1e-58.el6_10.x86_64
Apr 18 15:43:06 Updated: libssh2-1.4.2-3.el6_10.1.x86_64
Apr 18 15:43:08 Updated: python-libs-2.6.6-68.el6_10.x86_64
Apr 18 15:43:08 Updated: python-2.6.6-68.el6_10.x86_64
Apr 18 15:43:08 Updated: 32:bind-libs-9.8.2-0.68.rc1.el6_10.3.x86_64
Apr 18 15:43:08 Updated: nss-sysinit-3.44.0-7.el6_10.x86_64
Apr 18 15:43:08 Updated: nss-3.44.0-7.el6_10.x86_64
Apr 18 15:43:08 Updated: libcurl-7.19.7-54.el6_10.x86_64
Apr 18 15:43:08 Updated: curl-7.19.7-54.el6_10.x86_64
Apr 18 15:43:08 Updated: rpm-libs-4.8.0-59.el6.x86_64
Apr 18 15:43:08 Updated: rpm-4.8.0-59.el6.x86_64
Apr 18 15:43:08 Updated: rpm-python-4.8.0-59.el6.x86_64
Apr 18 15:43:08 Updated: yum-plugin-fastestmirror-1.1.30-42.el6_10.noarch
Apr 18 15:43:08 Updated: yum-3.2.29-81.el6.centos.0.1.noarch
Apr 18 15:43:08 Updated: libuuid-2.17.2-12.28.el6_9.2.x86_64
Apr 18 15:43:09 Updated: libblkid-2.17.2-12.28.el6_9.2.x86_64
Apr 18 15:43:09 Updated: yum-plugin-ovl-1.1.30-42.el6_10.noarch
Apr 18 15:43:09 Updated: gnupg2-2.0.14-9.el6_10.x86_64
Apr 18 15:43:09 Updated: nss-tools-3.44.0-7.el6_10.x86_64
Apr 18 15:43:09 Updated: 32:bind-utils-9.8.2-0.68.rc1.el6_10.3.x86_64
Apr 18 15:43:09 Updated: upstart-0.6.5-17.el6.x86_64
Apr 18 15:43:09 Updated: libss-1.41.12-24.el6.x86_64
Apr 18 15:43:09 Updated: 2:vim-minimal-7.4.629-5.el6_10.2.x86_64
Apr 18 15:43:09 Updated: procps-3.2.8-45.el6_9.3.x86_64
Apr 18 15:43:10 Updated: glib2-2.28.8-10.el6.x86_64
Apr 18 15:43:10 Updated: binutils-2.20.51.0.2-5.48.el6_10.1.x86_64
Apr 18 15:43:10 Updated: centos-release-6-10.el6.centos.12.3.x86_64
Apr 18 15:43:14 Installed: 1:perl-Pod-Escapes-1.04-144.el6.x86_64
Apr 18 15:43:14 Installed: 3:perl-version-0.77-144.el6.x86_64
Apr 18 15:43:14 Installed: 4:perl-libs-5.10.1-144.el6.x86_64
Apr 18 15:43:14 Installed: 1:perl-Pod-Simple-3.13-144.el6.x86_64
Apr 18 15:43:14 Installed: 1:perl-Module-Pluggable-3.90-144.el6.x86_64
Apr 18 15:43:15 Installed: 4:perl-5.10.1-144.el6.x86_64
Apr 18 15:43:15 Installed: freetype-2.3.11-19.el6_10.x86_64
Apr 18 15:43:18 Installed: fontconfig-2.8.0-5.el6.x86_64
Apr 18 15:43:18 Installed: libjpeg-turbo-1.2.1-3.el6_5.x86_64
Apr 18 15:43:18 Installed: 2:libpng-1.2.49-2.el6_7.x86_64
Apr 18 15:43:18 Installed: libtiff-3.9.4-21.el6_8.x86_64
Apr 18 15:43:18 Installed: atk-1.30.0-1.el6.x86_64
Apr 18 15:43:18 Installed: hwdata-0.233-20.1.el6.noarch
Apr 18 15:43:18 Installed: sysvinit-tools-2.87-6.dsf.el6.x86_64
Apr 18 15:43:18 Installed: libpciaccess-0.13.4-1.el6.x86_64
Apr 18 15:43:18 Installed: jasper-libs-1.900.1-22.el6.x86_64
Apr 18 15:43:18 Installed: perl-WWW-Curl-4.09-4.el6.x86_64
Apr 18 15:43:18 Installed: fipscheck-lib-1.2.0-7.el6.x86_64
Apr 18 15:43:18 Installed: fipscheck-1.2.0-7.el6.x86_64
Apr 18 15:43:18 Installed: libthai-0.1.12-3.el6.x86_64
Apr 18 15:43:18 Installed: tcp_wrappers-libs-7.6-58.el6.x86_64
Apr 18 15:43:18 Installed: libsepol-devel-2.0.41-4.el6.x86_64
Apr 18 15:43:18 Installed: libselinux-devel-2.0.94-7.el6.x86_64
Apr 18 15:43:18 Installed: libedit-2.11-4.20080712cvs.1.el6.x86_64
Apr 18 15:43:18 Installed: avahi-libs-0.6.25-17.el6.x86_64
Apr 18 15:43:18 Installed: libX11-common-1.6.4-3.el6.noarch
Apr 18 15:43:18 Installed: dbus-glib-0.86-6.el6.x86_64
Apr 18 15:43:18 Installed: zlib-devel-1.2.3-29.el6.x86_64
Apr 18 15:43:19 Installed: hicolor-icon-theme-0.11-1.1.el6.noarch
Apr 18 15:43:19 Installed: keyutils-libs-devel-1.4-5.el6.x86_64
Apr 18 15:43:19 Installed: libcom_err-devel-1.41.12-24.el6.x86_64
Apr 18 15:43:19 Installed: gnutls-2.12.23-22.el6.x86_64
Apr 18 15:43:19 Installed: 1:cups-libs-1.4.2-81.el6_10.x86_64
Apr 18 15:43:19 Installed: libXau-1.0.6-4.el6.x86_64
Apr 18 15:43:19 Installed: libxcb-1.12-4.el6.x86_64
Apr 18 15:43:19 Installed: libX11-1.6.4-3.el6.x86_64
Apr 18 15:43:19 Installed: libXrender-0.9.10-1.el6.x86_64
Apr 18 15:43:19 Installed: libXext-1.3.3-1.el6.x86_64
Apr 18 15:43:19 Installed: libXfixes-5.0.3-1.el6.x86_64
Apr 18 15:43:19 Installed: gdk-pixbuf2-2.24.1-6.el6_7.x86_64
Apr 18 15:43:19 Installed: libXdamage-1.1.3-4.el6.x86_64
Apr 18 15:43:19 Installed: libXcursor-1.1.14-2.1.el6.x86_64
Apr 18 15:43:19 Installed: libXrandr-1.5.1-1.el6.x86_64
Apr 18 15:43:19 Installed: libXi-1.7.8-1.el6.x86_64
Apr 18 15:43:19 Installed: libXinerama-1.1.3-2.1.el6.x86_64
Apr 18 15:43:19 Installed: libXft-2.3.2-1.el6.x86_64
Apr 18 15:43:19 Installed: libXcomposite-0.4.3-4.el6.x86_64
Apr 18 15:43:19 Installed: pixman-0.32.8-1.el6.x86_64
Apr 18 15:43:19 Installed: cairo-1.8.8-6.el6_6.x86_64
Apr 18 15:43:20 Installed: pango-1.28.1-11.el6.x86_64
Apr 18 15:43:20 Installed: gtk2-2.24.23-9.el6.x86_64
Apr 18 15:43:21 Installed: redhat-logos-60.0.14-12.el6.centos.noarch
Apr 18 15:43:21 Installed: policycoreutils-2.0.83-30.1.el6_8.x86_64
Apr 18 15:43:21 Installed: iptables-1.4.7-19.el6.x86_64
Apr 18 15:43:21 Installed: iproute-2.6.32-57.el6.x86_64
Apr 18 15:43:21 Installed: libdrm-2.4.65-2.el6.x86_64
Apr 18 15:43:21 Installed: iputils-20071127-24.el6.x86_64
Apr 18 15:43:21 Installed: plymouth-0.8.3-29.el6.centos.x86_64
Apr 18 15:43:21 Installed: util-linux-ng-2.17.2-12.28.el6_9.2.x86_64
Apr 18 15:43:22 Installed: initscripts-9.03.61-1.el6.centos.x86_64
Apr 18 15:43:22 Installed: udev-147-2.74.el6_10.x86_64
Apr 18 15:43:22 Installed: openssh-5.3p1-124.el6_10.x86_64
Apr 18 15:43:22 Installed: libkadm5-1.10.3-65.el6.x86_64
Apr 18 15:43:22 Installed: krb5-devel-1.10.3-65.el6.x86_64
Apr 18 15:43:22 Installed: openssl-devel-1.0.1e-58.el6_10.x86_64
Apr 18 15:43:22 Installed: openssl-static-1.0.1e-58.el6_10.x86_64
Apr 18 15:43:22 Installed: openssh-clients-5.3p1-124.el6_10.x86_64
Apr 18 15:43:22 Installed: openssh-askpass-5.3p1-124.el6_10.x86_64
Apr 18 15:43:22 Installed: openssh-server-5.3p1-124.el6_10.x86_64
Apr 18 15:43:22 Installed: openssh-ldap-5.3p1-124.el6_10.x86_64
Apr 18 15:43:23 Installed: openssl-perl-1.0.1e-58.el6_10.x86_64
Apr 18 15:43:23 Installed: openssl098e-0.9.8e-20.el6.centos.1.x86_64
Feb 28 15:28:20 Updated: 32:bind-libs-9.8.2-0.68.rc1.el6_10.8.x86_64
Feb 28 15:28:20 Updated: libX11-common-1.6.4-4.el6_10.noarch
Feb 28 15:28:23 Updated: libX11-1.6.4-4.el6_10.x86_64
Feb 28 15:28:23 Updated: 32:bind-utils-9.8.2-0.68.rc1.el6_10.8.x86_64
Feb 28 15:28:27 Updated: ca-certificates-2020.2.41-65.1.el6_10.noarch
Feb 28 15:28:29 Updated: tzdata-2020d-1.el6.noarch
Oct 26 18:12:43 Installed: apr-1.3.9-5.el6_9.1.x86_64
Oct 26 18:12:43 Installed: apr-util-1.3.9-3.el6_0.1.x86_64
Oct 26 18:12:43 Installed: httpd-tools-2.2.15-69.el6.centos.x86_64
Oct 26 18:12:43 Installed: apr-util-ldap-1.3.9-3.el6_0.1.x86_64
Oct 26 18:12:43 Installed: mailcap-2.1.31-2.el6.noarch
Oct 26 18:12:43 Installed: httpd-2.2.15-69.el6.centos.x86_64
Oct 26 19:59:30 Installed: mysql-libs-5.1.73-8.el6_8.x86_64
Oct 26 19:59:30 Installed: perl-DBI-1.609-4.el6.x86_64
Oct 26 19:59:30 Installed: perl-DBD-MySQL-4.013-3.el6.x86_64
Oct 26 19:59:30 Installed: mysql-5.1.73-8.el6_8.x86_64
Oct 26 19:59:32 Installed: mysql-server-5.1.73-8.el6_8.x86_64
Oct 26 20:17:42 Installed: php-common-5.3.3-50.el6_10.x86_64
Oct 26 20:17:42 Installed: php-cli-5.3.3-50.el6_10.x86_64
Oct 26 20:17:42 Installed: php-pdo-5.3.3-50.el6_10.x86_64
Oct 26 20:17:42 Installed: php-mysql-5.3.3-50.el6_10.x86_64
Oct 26 20:17:42 Installed: php-5.3.3-50.el6_10.x86_64
Oct 26 20:18:35 Installed: gpm-libs-1.20.6-12.el6.x86_64
Oct 26 20:18:35 Installed: 2:vim-filesystem-7.4.629-5.el6_10.2.x86_64
Oct 26 20:18:36 Installed: 2:vim-common-7.4.629-5.el6_10.2.x86_64
Oct 26 20:18:37 Installed: 2:vim-enhanced-7.4.629-5.el6_10.2.x86_64
Oct 26 20:30:55 Installed: libXpm-3.5.10-2.el6.x86_64
Oct 26 20:30:55 Installed: php-gd-5.3.3-50.el6_10.x86_64
Oct 26 20:32:43 Installed: wget-1.12-10.el6.x86_64
Oct 26 23:29:42 Installed: 1:perl-Error-0.17015-4.el6.noarch
Oct 26 23:29:42 Installed: rsync-3.0.6-12.el6.x86_64
Oct 26 23:29:42 Installed: perl-Git-1.7.1-10.el6_10.noarch
Oct 26 23:29:43 Installed: git-1.7.1-10.el6_10.x86_64
